<?xml version="1.0" encoding="UTF-8"?>
<!-- Generated by org.testng.reporters.JUnitReportReporter -->
<testsuite hostname="DESKTOP-83PKH6D" failures="0" tests="3" name="com.crm.qa.testcases.LoginPageTest" time="26.867" errors="0" timestamp="19 Mar. 2021 01:38:35 GMT" skipped="0">
  <testcase classname="com.crm.qa.testcases.LoginPageTest" name="loginPageTitleTest" time="10.060"/>
  <testcase classname="com.crm.qa.testcases.LoginPageTest" name="crmLogoImageTest" time="6.119"/>
  <testcase classname="com.crm.qa.testcases.LoginPageTest" name="loginTest" time="10.688"/>
</testsuite> <!-- com.crm.qa.testcases.LoginPageTest -->
