<?xml version="1.0" encoding="UTF-8"?>
<!-- Generated by org.testng.reporters.JUnitReportReporter -->
<testsuite hostname="DESKTOP-83PKH6D" failures="0" tests="3" name="com.crm.qa.testcases.HomePageTest" time="28.698" errors="0" timestamp="18 Mar. 2021 19:56:07 GMT" skipped="0">
  <testcase classname="com.crm.qa.testcases.HomePageTest" name="verifyHomePageTitleTest" time="9.347"/>
  <testcase classname="com.crm.qa.testcases.HomePageTest" name="verifyUserNameTest" time="9.048"/>
  <testcase classname="com.crm.qa.testcases.HomePageTest" name="verifyContactsLinkTest" time="10.303"/>
</testsuite> <!-- com.crm.qa.testcases.HomePageTest -->
