<?xml version="1.0" encoding="UTF-8"?>
<!-- Generated by org.testng.reporters.JUnitReportReporter -->
<testsuite hostname="DESKTOP-83PKH6D" failures="0" tests="3" name="com.crm.qa.testcases.ContactsPageTest" time="85.031" errors="0" timestamp="18 Mar. 2021 19:56:07 GMT" skipped="0">
  <testcase classname="com.crm.qa.testcases.ContactsPageTest" name="validateCreateNewContact" time="28.189"/>
  <testcase classname="com.crm.qa.testcases.ContactsPageTest" name="validateCreateNewContact" time="28.493"/>
  <testcase classname="com.crm.qa.testcases.ContactsPageTest" name="validateCreateNewContact" time="28.349"/>
</testsuite> <!-- com.crm.qa.testcases.ContactsPageTest -->
